[22-Oct-2024 22:25:03 UTC] PHP Fatal error:  Uncaught TypeError: call_user_func_array(): Argument #1 ($callback) must be a valid callback, function "event_api_page" not found or invalid function name in C:\Users\nahiy\Local Sites\event-mgt\app\public\wp-includes\class-wp-hook.php:324
Stack trace:
#0 C:\Users\nahiy\Local Sites\event-mgt\app\public\wp-includes\class-wp-hook.php(348): WP_Hook->apply_filters('', Array)
#1 C:\Users\nahiy\Local Sites\event-mgt\app\public\wp-includes\plugin.php(517): WP_Hook->do_action(Array)
#2 C:\Users\nahiy\Local Sites\event-mgt\app\public\wp-admin\admin.php(259): do_action('toplevel_page_e...')
#3 {main}
  thrown in C:\Users\nahiy\Local Sites\event-mgt\app\public\wp-includes\class-wp-hook.php on line 324
[22-Oct-2024 22:25:04 UTC] PHP Fatal error:  Uncaught TypeError: call_user_func_array(): Argument #1 ($callback) must be a valid callback, function "event_api_page" not found or invalid function name in C:\Users\nahiy\Local Sites\event-mgt\app\public\wp-includes\class-wp-hook.php:324
Stack trace:
#0 C:\Users\nahiy\Local Sites\event-mgt\app\public\wp-includes\class-wp-hook.php(348): WP_Hook->apply_filters('', Array)
#1 C:\Users\nahiy\Local Sites\event-mgt\app\public\wp-includes\plugin.php(517): WP_Hook->do_action(Array)
#2 C:\Users\nahiy\Local Sites\event-mgt\app\public\wp-admin\admin.php(259): do_action('toplevel_page_e...')
#3 {main}
  thrown in C:\Users\nahiy\Local Sites\event-mgt\app\public\wp-includes\class-wp-hook.php on line 324
[24-Oct-2024 03:26:02 UTC] PHP Parse error:  syntax error, unexpected identifier "add_shortcode", expecting "function" or "const" in C:\Users\nahiy\Local Sites\event-mgt\app\public\wp-content\plugins\event-api-plugin\event-api-plugin.php on line 117
[24-Oct-2024 03:28:03 UTC] PHP Parse error:  syntax error, unexpected identifier "add_shortcode", expecting "function" or "const" in C:\Users\nahiy\Local Sites\event-mgt\app\public\wp-content\plugins\event-api-plugin\event-api-plugin.php on line 117
[24-Oct-2024 03:28:59 UTC] PHP Parse error:  syntax error, unexpected identifier "add_shortcode", expecting "function" or "const" in C:\Users\nahiy\Local Sites\event-mgt\app\public\wp-content\plugins\event-api-plugin\event-api-plugin.php on line 117
[24-Oct-2024 03:30:04 UTC] PHP Parse error:  syntax error, unexpected identifier "add_shortcode", expecting "function" or "const" in C:\Users\nahiy\Local Sites\event-mgt\app\public\wp-content\plugins\event-api-plugin\event-api-plugin.php on line 117
[24-Oct-2024 03:30:43 UTC] PHP Parse error:  syntax error, unexpected identifier "add_action", expecting "function" or "const" in C:\Users\nahiy\Local Sites\event-mgt\app\public\wp-content\plugins\event-api-plugin\event-api-plugin.php on line 124
[24-Oct-2024 03:30:45 UTC] PHP Parse error:  syntax error, unexpected identifier "add_action", expecting "function" or "const" in C:\Users\nahiy\Local Sites\event-mgt\app\public\wp-content\plugins\event-api-plugin\event-api-plugin.php on line 124
[24-Oct-2024 03:30:46 UTC] PHP Parse error:  syntax error, unexpected identifier "add_action", expecting "function" or "const" in C:\Users\nahiy\Local Sites\event-mgt\app\public\wp-content\plugins\event-api-plugin\event-api-plugin.php on line 124
[24-Oct-2024 03:31:46 UTC] PHP Parse error:  syntax error, unexpected identifier "add_shortcode", expecting "function" or "const" in C:\Users\nahiy\Local Sites\event-mgt\app\public\wp-content\plugins\event-api-plugin\event-api-plugin.php on line 117
[24-Oct-2024 03:32:05 UTC] PHP Parse error:  syntax error, unexpected identifier "add_shortcode", expecting "function" or "const" in C:\Users\nahiy\Local Sites\event-mgt\app\public\wp-content\plugins\event-api-plugin\event-api-plugin.php on line 117
[24-Oct-2024 03:34:06 UTC] PHP Parse error:  syntax error, unexpected identifier "add_shortcode", expecting "function" or "const" in C:\Users\nahiy\Local Sites\event-mgt\app\public\wp-content\plugins\event-api-plugin\event-api-plugin.php on line 117
